#
# There is insufficient memory for the Java Runtime Environment to continue.
# Native memory allocation (malloc) failed to allocate 32744 bytes for ChunkPool::allocate
# Possible reasons:
#   The system is out of physical RAM or swap space
#   The process is running with CompressedOops enabled, and the Java Heap may be blocking the growth of the native heap
# Possible solutions:
#   Reduce memory load on the system
#   Increase physical memory or swap space
#   Check if swap backing store is full
#   Decrease Java heap size (-Xmx/-Xms)
#   Decrease number of Java threads
#   Decrease Java thread stack sizes (-Xss)
#   Set larger code cache with -XX:ReservedCodeCacheSize=
#   JVM is running with Unscaled Compressed Oops mode in which the Java heap is
#     placed in the first 4GB address space. The Java Heap base address is the
#     maximum limit for the native heap growth. Please use -XX:HeapBaseMinAddress
#     to set the Java Heap base and to place the Java Heap above 4GB virtual address.
# This output file may be truncated or incomplete.
#
#  Out of Memory Error (./src/hotspot/share/memory/arena.cpp:81), pid=7440, tid=13696
#
# JRE version: OpenJDK Runtime Environment AdoptOpenJDK (11.0.8+10) (build 11.0.8+10)
# Java VM: OpenJDK 64-Bit Server VM AdoptOpenJDK (11.0.8+10, mixed mode, tiered, compressed oops, parallel gc, windows-amd64)
# No core dump will be written. Minidumps are not enabled by default on client versions of Windows
#

---------------  S U M M A R Y ------------

Command Line: --add-modules=ALL-SYSTEM --add-opens=java.base/java.util=ALL-UNNAMED --add-opens=java.base/java.lang=ALL-UNNAMED -Declipse.application=org.eclipse.jdt.ls.core.id1 -Dosgi.bundles.defaultStartLevel=4 -Declipse.product=org.eclipse.jdt.ls.core.product -Dfile.encoding=utf8 -DwatchParentProcess=false -XX:+UseParallelGC -XX:GCTimeRatio=4 -XX:AdaptiveSizePolicyWeight=90 -Dsun.zip.disableMemoryMapping=true -Xmx1G -Xms100m -Xverify:none c:\Users\Niit\.vscode\extensions\redhat.java-0.65.0\server\plugins\org.eclipse.equinox.launcher_1.5.700.v20200207-2156.jar -configuration c:\Users\Niit\AppData\Roaming\Code\User\globalStorage\redhat.java\0.65.0\config_ss_win -data c:\Users\Niit\AppData\Roaming\Code\User\workspaceStorage\df79bfd1a2c972a7b51b66f4a41d9f0c\redhat.java\ss_ws

Host: Intel(R) Core(TM) i5-2520M CPU @ 2.50GHz, 4 cores, 7G,  Windows 10 , 64 bit Build 18362 (10.0.18362.959)
Time: Mon Aug 17 15:24:51 2020 India Standard Time elapsed time: 9 seconds (0d 0h 0m 9s)

---------------  T H R E A D  ---------------

Current thread (0x0000022134de0800):  JavaThread "C2 CompilerThread0" daemon [_thread_in_native, id=13696, stack(0x0000008db0500000,0x0000008db0600000)]


Current CompileTask:
C2:   9171  569   !   4       java.util.jar.Attributes::read (388 bytes)

Stack: [0x0000008db0500000,0x0000008db0600000]
Native frames: (J=compiled Java code, j=interpreted, Vv=VM code, C=native code)
V  [jvm.dll+0x5dfa5a]
V  [jvm.dll+0x7175ce]
V  [jvm.dll+0x718c9f]
V  [jvm.dll+0x719363]
V  [jvm.dll+0x240e48]
V  [jvm.dll+0xb9a4b]
V  [jvm.dll+0xb981d]
V  [jvm.dll+0x5bec3f]
V