#
# A fatal error has been detected by the Java Runtime Environment:
#
#  EXCEPTION_ACCESS_VIOLATION (0xc0000005) at pc=0x00007fff3dde1c11, pid=12112, tid=11348
#
# JRE version:  (11.0.8+10) (build )
# Java VM: OpenJDK 64-Bit Server VM (11.0.8+10, mixed mode, sharing, tiered, unknown gc, windows-amd64)
# Problematic frame:
# C  [jimage.dll+0x1c11]
#
# No core dump will be written. Minidumps are not enabled by default on client versions of Windows
#
#

---------------  S U M M A R Y ------------

Command Line: 

Host: Intel(R) Core(TM) i5-2520M CPU @ 2.50GHz, 4 cores, 7G,  Windows 10 , 64 bit Build 18362 (10.0.18362.959)
Time: Mon Aug 17 15:24:53 2020 India Standard Time elapsed time: 0 seconds (0d 0h 0m 0s)

---------------  T H R E A D  ---------------

Current thread is native thread

Stack: [0x000000298c200000,0x000000298c300000],  sp=0x000000298c2fdea0,  free space=1015k
Native frames: (J=compiled Java code, j=interpreted, Vv=VM code, C=native code)
C  [jimage.dll+0x1c11]


siginfo: EXCEPTION_ACCESS_VIOLATION (0xc0000005), reading address 0x000000000001f70c


Registers:
RAX=0x0000000000007dbc, RBX=0x000000298c2fdf91, RCX=0x00007fff3dde6000, RDX=0x0000000000007dbc
RSP=0x000000298c2fdea0, RBP=0x000000298c2fdf90, RSI=0x0000000000008410, RDI=0x000000298c2fdf90
R8 =0x00007fff3dde4278, R9 =0x000000000000001c, R10=0x00007fff04c9ea00, R11=0x00007fff3dde6000
R12=0x000000298c2ffe30, R13=0x0000020c30c979f0, R14=0x000000298c2ff000, R15=0x00007fff04c9ea58
RIP=0x00007fff3dde1c11, EFLAGS=0x0000000000010246

Top of Stack: (sp=0x000000298c2fdea0)
0x000000298c2fdea0:   0000000000000000 00007fff43f73cb5
0x000000298c2fdeb0:   0000000000000100 000000298c2fdf79
0x000000298c2fdec0:   0000020c30cb81a0 00007fff3dde1d9f
0x000000298c2fded0:   000000000000000b 0000020c30cb81a0
0x000000298c2fdee0:   0000000000000100 0000000000000008
0x000000298c2fdef0:   0000000000000000 0000000000000000
0x000000298c2fdf00:   0000000000000020 00007fff43f73b5e
0x000000298c2fdf10:   0000000000000000 000000298c2fe3f8
0x000000298c2fdf20:   0000000000000000 00007fff47033550
0x000000298c2fdf30:   00004056328e61ec 00007fff3dde0000
0x000000298c2fdf40:   00007fff04c7b898 0000000000000017
0x000000298c2fdf50:   0000020c30cb81a0 000000298c2ff000
0x000000298c2fdf60:   000000000000000b 00007fff3dde2781
0x000000298c2fdf70:   0000000000000000 00007fff43f739a0
0x000000298c2fdf80:   00000000000000cb 0000000000000003
0x000000298c2fdf90:   61622e6176616a2f 692f6b646a2f6573 

Instructions: (pc=0x00007fff3dde1c11)
0x00007fff3dde1b11:   d2 44 8d 42 40 e9 21 22 00 00 cc 40 53 48 83 ec
0x00007fff3dde1b21:   20 48 8b d9 48 8b 49 48 48 85 c9 74 1d 80 3d db
0x00007fff3dde1b31:   44 00 00 00 74 06 48 8b 53 18 eb 04 48 8b 53 40
0x00007fff3dde1b41:   e8 26 10 00 00 48 83 63 48 00 8b 4b 0c 83 f9 ff
0x00007fff3dde1b51:   74 09 e8 5c 0e 00 00 83 4b 0c ff 48 83 c4 20 5b
0x00007fff3dde1b61:   c3 cc cc 40 53 48 83 ec 20 48 8b d9 48 8d 0d ac
0x00007fff3dde1b71:   46 00 00 e8 43 0e 00 00 83 6b 08 01 75 24 48 8b
0x00007fff3dde1b81:   d3 48 8d 0d 8f 44 00 00 e8 26 09 00 00 48 8b cb
0x00007fff3dde1b91:   e8 aa fe ff ff ba 78 00 00 00 48 8b cb e8 41 10
0x00007fff3dde1ba1:   00 00 48 8d 0d 76 46 00 00 48 83 c4 20 5b e9 10
0x00007fff3dde1bb1:   0e 00 00 48 89 5c 24 08 48 89 74 24 10 57 48 83
0x00007fff3dde1bc1:   ec 20 41 8b f1 4d 8b c8 48 8b fa 4c 8b d9 4d 85
0x00007fff3dde1bd1:   c0 74 78 85 f6 74 74 44 8a 12 48 8d 5a 01 48 8b
0x00007fff3dde1be1:   d3 b8 93 01 00 01 eb 12 69 c0 93 01 00 01 41 0f
0x00007fff3dde1bf1:   b6 ca 44 8a 12 33 c1 48 ff c2 45 84 d2 75 e9 4d
0x00007fff3dde1c01:   8b 03 0f ba f0 1f 33 d2 49 8b cb f7 f6 48 63 c2
0x00007fff3dde1c11:   41 8b 14 81 41 ff 50 08 85 c0 7e 24 8a 0f eb 10
0x00007fff3dde1c21:   69 c0 93 01 00 01 0f b6 c9 33 c1 8a 0b 48 ff c3
0x00007fff3dde1c31:   84 c9 75 ec 0f ba f0 1f 33 d2 f7 f6 8b c2 eb 0e
0x00007fff3dde1c41:   79 09 83 c9 ff 2b c8 8b c1 eb 03 83 c8 ff 48 8b
0x00007fff3dde1c51:   5c 24 30 48 8b 74 24 38 48 83 c4 20 5f c3 cc 48
0x00007fff3dde1c61:   89 5c 24 08 48 89 74 24 10 57 48 83 ec 20 48 8b
0x00007fff3dde1c71:   f1 48 8d 0d a7 45 00 00 e8 3e 0d 00 00 33 ff 39
0x00007fff3dde1c81:   3d 92 43 00 00 76 24 48 8b 05 91 43 00 00 48 8b
0x00007fff3dde1c91:   d6 48 8b 1c f8 48 8b 0b e8 c2 20 00 00 85 c0 74
0x00007fff3dde1ca1:   2b ff c7 3b 3d 6e 43 00 00 72 dc 33 db 48 8d 0d
0x00007fff3dde1cb1:   6b 45 00 00 e8 0a 0d 00 00 48 8b 74 24 38 48 8b
0x00007fff3dde1cc1:   c3 48 8b 5c 24 30 48 83 c4 20 5f c3 ff 43 08 eb
0x00007fff3dde1cd1:   dc cc cc 48 89 5c 24 08 48 89 74 24 10 57 48 83
0x00007fff3dde1ce1:   ec 20 48 8b d9 48 8b f2 48 8b 49 10 49 8b f8 8b
0x00007fff3dde1cf1:   53 30 48 8b 01 ff 50 20 4c 8b 43 50 48 8b d6 48
0x00007fff3dde1d01:   8b 4b 10 44 8b c8 e8 a8 fe ff ff 83 f8 ff 74 38 



---------------  P R O C E S S  ---------------

VM state:not at safepoint (not fully initialized)

VM Mutex/Monitor currently owned by a thread: None


Dynamic libraries:
0x00007ff729b40000 - 0x00007ff729b4d000 	C:\Users\Niit\AppData\Local\Programs\AdoptOpenJDK\bin\java.exe
0x00007fff46fe0000 - 0x00007fff471d0000 	C:\WINDOWS\SYSTEM32\ntdll.dll
0x00007fff454b0000 - 0x00007fff45562000 	C:\WINDOWS\System32\KERNEL32.DLL
0x00007fff44280000 - 0x00007fff44524000 	C:\WINDOWS\System32\KERNELBASE.dll
0x00007fff43f60000 - 0x00007fff4405a000 	C:\WINDOWS\System32\ucrtbase.dll
0x00007fff2a4f0000 - 0x00007fff2a507000 	C:\Users\Niit\AppData\Local\Programs\AdoptOpenJDK\bin\jli.dll
0x00007fff46d10000 - 0x00007fff46ea5000 	C:\WINDOWS\System32\USER32.dll
0x00007fff44140000 - 0x00007fff44161000 	C:\WINDOWS\System32\win32u.dll
0x00007fff45570000 - 0x00007fff45596000 	C:\WINDOWS\System32\GDI32.dll
0x00007fff44610000 - 0x00007fff447a6000 	C:\WINDOWS\System32\gdi32full.dll
0x00007fff441c0000 - 0x00007fff4425e000 	C:\WINDOWS\System32\msvcp_win.dll
0x00007fff26560000 - 0x00007fff26575000 	C:\Users\Niit\AppData\Local\Programs\AdoptOpenJDK\bin\VCRUNTIME140.dll
0x00007fff326c0000 - 0x00007fff32944000 	C:\WINDOWS\WinSxS\amd64_microsoft.windows.common-controls_6595b64144ccf1df_6.0.18362.1016_none_9e7a36bbe461dae4\COMCTL32.dll
0x00007fff46ab0000 - 0x00007fff46b4e000 	C:\WINDOWS\System32\msvcrt.dll
0x00007fff45810000 - 0x00007fff45b45000 	C:\WINDOWS\System32\combase.dll
0x00007fff45b50000 - 0x00007fff45c70000 	C:\WINDOWS\System32\RPCRT4.dll
0x00007fff440c0000 - 0x00007fff44140000 	C:\WINDOWS\System32\bcryptPrimitives.dll
0x00007fff45200000 - 0x00007fff4522e000 	C:\WINDOWS\System32\IMM32.DLL
0x00007fff262f0000 - 0x00007fff2638b000 	C:\Users\Niit\AppData\Local\Programs\AdoptOpenJDK\bin\msvcp140.dll
0x00007fff044a0000 - 0x00007fff04f5d000 	C:\Users\Niit\AppData\Local\Programs\AdoptOpenJDK\bin\server\jvm.dll
0x00007fff453f0000 - 0x00007fff45493000 	C:\WINDOWS\System32\ADVAPI32.dll
0x00007fff45160000 - 0x00007fff451f7000 	C:\WINDOWS\System32\sechost.dll
0x00007fff45230000 - 0x00007fff45238000 	C:\WINDOWS\System32\PSAPI.DLL
0x00007fff401a0000 - 0x00007fff401a9000 	C:\WINDOWS\SYSTEM32\WSOCK32.dll
0x00007fff45ee0000 - 0x00007fff45f4f000 	C:\WINDOWS\System32\WS2_32.dll
0x00007fff40c40000 - 0x00007fff40c64000 	C:\WINDOWS\SYSTEM32\WINMM.dll
0x00007fff3de80000 - 0x00007fff3de8a000 	C:\WINDOWS\SYSTEM32\VERSION.dll
0x00007fff40c10000 - 0x00007fff40c3d000 	C:\WINDOWS\SYSTEM32\WINMMBASE.dll
0x00007fff44170000 - 0x00007fff441ba000 	C:\WINDOWS\System32\cfgmgr32.dll
0x00007fff43ea0000 - 0x00007fff43eb1000 	C:\WINDOWS\System32\kernel.appcore.dll
0x00007fff26530000 - 0x00007fff26558000 	C:\Users\Niit\AppData\Local\Programs\AdoptOpenJDK\bin\java.dll
0x00007fff408a0000 - 0x00007fff408b0000 	C:\Users\Niit\AppData\Local\Programs\AdoptOpenJDK\bin\verify.dll
0x00007fff32f50000 - 0x00007fff33144000 	C:\WINDOWS\SYSTEM32\DBGHELP.DLL
0x00007fff32f20000 - 0x00007fff32f4a000 	C:\WINDOWS\SYSTEM32\dbgcore.DLL
0x00007fff3dde0000 - 0x00007fff3ddea000 	C:\Users\Niit\AppData\Local\Programs\AdoptOpenJDK\bin\jimage.dll

dbghelp: loaded successfully - version: 4.0.5 - missing functions: none
symbol engine: initialized successfully - sym options: 0x614 - pdb path: .;C:\Users\Niit\AppData\Local\Programs\AdoptOpenJDK\bin;C:\WINDOWS\SYSTEM32;C:\WINDOWS\WinSxS\amd64_microsoft.windows.common-controls_6595b64144ccf1df_6.0.18362.1016_none_9e7a36bbe461dae4;C:\Users\Niit\AppData\Local\Programs\AdoptOpenJDK\bin\server

VM Arguments:
java_command: <unknown>
java_class_path (initial): <not set>
Launcher Type: SUN_STANDARD

[Global flags]
     bool UseLargePagesIndividualAllocation        = false                                  {pd product} {ergonomic}

Logging:
Log output configuration:
 #0: stdout all=warning uptime,level,tags
 #1: stderr all=off uptime,level,tags

Environment Variables:
JAVA_HOME=C:\Users\Niit\AppData\Local\Programs\AdoptOpenJDK\
PATH=C:\Program Files (x86)\Common Files\Oracle\Java\javapath;C:\WINDOWS\system32;C:\WINDOWS;C:\WINDOWS\System32\Wbem;C:\WINDOWS\System32\OpenSSH\;C:\Program Files\Java\jdk1.8.0_241\bin;C:\Users\Niit\AppData\Local\Programs\Python\Python38-32\Scripts;C:\Users\Niit\AppData\Local\Programs\AdoptOpenJDK\bin;C:\Users\Niit\AppData\Local\Programs\Python\Python38-32\Scripts\;C:\Users\Niit\AppData\Local\Programs\Python\Python38-32\;C:\Users\Niit\AppData\Local\Microsoft\WindowsApps;C:\Users\Niit\AppData\Local\Programs\Microsoft VS Code\bin;C:\MinGW\mingw32\bin;
USERNAME=Niit
OS=Windows_NT
PROCESSOR_IDENTIFIER=Intel64 Family 6 Model 42 Stepping 7, GenuineIntel



---------------  S Y S T E M  ---------------

OS: Windows 10 , 64 bit Build 18362 (10.0.18362.959)
OS uptime: 2 days 0:15 hours

CPU:total 4 (initial active 0) 

Memory: 4k page, system-wide physical 8102M (2772M free)
TotalPageFile size 20914M (AvailPageFile size 0M)
current process WorkingSet (physical memory assigned to process): 7M, peak: 7M
current process commit charge ("private bytes"): 3M, peak: 3M

vm_info: OpenJDK 64-Bit Server VM (11.0.8+10) for windows-amd64 JRE (11.0.8+10), built on Jul 15 2020 11:45:54 by "" with MS VC++ 15.9 (VS2017)

END.
